<?xml version="1.0" encoding="UTF-8"?>
<testng-results ignored="0" total="1" passed="1" failed="0" skipped="0">
  <reporter-output>
  </reporter-output>
  <suite started-at="2021-12-23T13:25:44 IST" name="Default suite" finished-at="2021-12-23T13:25:44 IST" duration-ms="94">
    <groups>
    </groups>
    <test started-at="2021-12-23T13:25:44 IST" name="Default test" finished-at="2021-12-23T13:25:44 IST" duration-ms="94">
      <class name="test.Basics">
        <test-method signature="Demo()[pri:0, instance:test.Basics@2e222612]" started-at="2021-12-23T13:25:44 IST" name="Demo" finished-at="2021-12-23T13:25:44 IST" duration-ms="15" status="PASS">
          <reporter-output>
          </reporter-output>
        </test-method> <!-- Demo -->
      </class> <!-- test.Basics -->
    </test> <!-- Default test -->
  </suite> <!-- Default suite -->
</testng-results>
